<?xml version="1.0" encoding="UTF-8"?>
<!-- Generated by org.testng.reporters.JUnitXMLReporter -->
<testsuite ignored="0" hostname="Pari" failures="0" tests="4" name="FlipKart Home page and Search Test" time="79.397" errors="0" timestamp="2022-10-14T01:47:13 IST">
  <testcase classname="com.flipkart.tests.HomePageTest" name="validateLoginBtnTest" time="0.895"/>
  <testcase classname="com.flipkart.tests.SearchResultTest" name="searchTest" time="4.907"/>
  <testcase classname="com.flipkart.tests.SearchResultTest" name="searchTest" time="8.344"/>
  <testcase classname="com.flipkart.tests.SearchResultTest" name="searchTest" time="4.371"/>
</testsuite> <!-- FlipKart Home page and Search Test -->
