<?xml version="1.0" encoding="UTF-8"?>
<!-- Generated by org.testng.reporters.JUnitXMLReporter -->
<testsuite ignored="0" hostname="Pari" failures="0" tests="6" name="FlipKart Web Automation Test" time="289.261" errors="0" timestamp="2022-10-14T17:26:17 IST">
  <testcase classname="com.flipkart.tests.LoginPageTest" name="loginPageTitleTest" time="9.495"/>
  <testcase classname="com.flipkart.tests.LoginPageTest" name="loginTest" time="1.502"/>
  <testcase classname="com.flipkart.tests.HomePageTest" name="validateLoginBtnTest" time="0.534"/>
  <testcase classname="com.flipkart.tests.SearchResultTest" name="searchTest" time="6.105"/>
  <testcase classname="com.flipkart.tests.SearchResultTest" name="searchTest" time="3.647"/>
  <testcase classname="com.flipkart.tests.SearchResultTest" name="searchTest" time="3.492"/>
</testsuite> <!-- FlipKart Web Automation Test -->
