<?xml version="1.0" encoding="UTF-8"?>
<!-- Generated by org.testng.reporters.JUnitXMLReporter -->
<testsuite ignored="0" hostname="Pari" failures="0" tests="6" name="FlipKart Web Automation Testing" time="63.312" errors="0" timestamp="2022-10-14T01:23:47 IST">
  <testcase classname="com.flipkart.tests.SearchResultTest" name="searchTest" time="4.428"/>
  <testcase classname="com.flipkart.tests.SearchResultTest" name="searchTest" time="4.212"/>
  <testcase classname="com.flipkart.tests.SearchResultTest" name="searchTest" time="4.347"/>
  <testcase classname="com.flipkart.tests.HomePageTest" name="validateLoginBtnTest" time="0.133"/>
  <testcase classname="com.flipkart.tests.LoginPageTest" name="loginPageTitleTest" time="0.011"/>
  <testcase classname="com.flipkart.tests.LoginPageTest" name="loginTest" time="0.425"/>
</testsuite> <!-- FlipKart Web Automation Testing -->
