<?xml version="1.0" encoding="UTF-8"?>
<testng-results ignored="0" total="1" passed="1" failed="0" skipped="0">
  <reporter-output>
  </reporter-output>
  <suite started-at="2022-10-14T22:50:56 IST" name="Default suite" finished-at="2022-10-14T22:52:10 IST" duration-ms="74353">
    <groups>
    </groups>
    <test started-at="2022-10-14T22:50:56 IST" name="Default test" finished-at="2022-10-14T22:52:10 IST" duration-ms="74353">
      <class name="com.flipkart.tests.HomePageTest">
        <test-method is-config="true" signature="setupLogger()[pri:0, instance:com.flipkart.tests.HomePageTest@2d7275fc]" started-at="2022-10-14T22:50:56 IST" name="setupLogger" finished-at="2022-10-14T22:50:56 IST" duration-ms="200" status="PASS">
          <reporter-output>
          </reporter-output>
        </test-method> <!-- setupLogger -->
        <test-method is-config="true" signature="setup()[pri:0, instance:com.flipkart.tests.HomePageTest@2d7275fc]" started-at="2022-10-14T22:50:56 IST" name="setup" finished-at="2022-10-14T22:52:03 IST" duration-ms="66920" status="PASS">
          <reporter-output>
          </reporter-output>
        </test-method> <!-- setup -->
        <test-method signature="validateLoginBtnTest()[pri:0, instance:com.flipkart.tests.HomePageTest@2d7275fc]" started-at="2022-10-14T22:52:03 IST" name="validateLoginBtnTest" finished-at="2022-10-14T22:52:08 IST" duration-ms="4888" status="PASS">
          <reporter-output>
          </reporter-output>
        </test-method> <!-- validateLoginBtnTest -->
        <test-method is-config="true" signature="tearDown()[pri:0, instance:com.flipkart.tests.HomePageTest@2d7275fc]" started-at="2022-10-14T22:52:08 IST" name="tearDown" finished-at="2022-10-14T22:52:10 IST" duration-ms="2139" status="PASS">
          <reporter-output>
          </reporter-output>
        </test-method> <!-- tearDown -->
      </class> <!-- com.flipkart.tests.HomePageTest -->
    </test> <!-- Default test -->
  </suite> <!-- Default suite -->
</testng-results>
